<?xml version="1.0" encoding="UTF-8"?>
<!-- Generated by org.testng.reporters.JUnitXMLReporter -->
<testsuite hostname="MX-IT01127" name="Default test" tests="4" failures="0" timestamp="5 Apr 2018 17:50:35 GMT" time="3.989" errors="0">
  <testcase name="comment" time="1.552" classname="assured1.assured_test.AssuredTests"/>
  <testcase name="responses200" time="1.265" classname="assured1.assured_test.AssuredTests"/>
  <testcase name="specificdata" time="0.973" classname="assured1.assured_test.AssuredTests"/>
  <testcase name="user" time="0.178" classname="assured1.assured_test.AssuredTests"/>
</testsuite> <!-- Default test -->
