<?xml version="1.0" encoding="UTF-8"?>
<!-- Generated by org.testng.reporters.JUnitXMLReporter -->
<testsuite hostname="MX-IT01127" name="BackEnd Tests" tests="5" failures="0" timestamp="5 Apr 2018 22:34:59 GMT" time="5.876" errors="0">
  <testcase name="comment" time="1.502" classname="assured1.assured_test.AssuredTests"/>
  <testcase name="responses200" time="1.374" classname="assured1.assured_test.AssuredTests"/>
  <testcase name="schemas" time="1.802" classname="assured1.assured_test.AssuredTests"/>
  <testcase name="specificdata" time="1.025" classname="assured1.assured_test.AssuredTests"/>
  <testcase name="user" time="0.159" classname="assured1.assured_test.AssuredTests"/>
</testsuite> <!-- BackEnd Tests -->
