<?xml version="1.0" encoding="UTF-8"?>
<testng-results skipped="0" failed="0" total="5" passed="5">
  <reporter-output>
  </reporter-output>
  <suite name="My test suite" duration-ms="5876" started-at="2018-04-05T22:34:53Z" finished-at="2018-04-05T22:34:59Z">
    <groups>
    </groups>
    <test name="BackEnd Tests" duration-ms="5876" started-at="2018-04-05T22:34:53Z" finished-at="2018-04-05T22:34:59Z">
      <class name="assured1.assured_test.AssuredTests">
        <test-method status="PASS" signature="comment()[pri:0, instance:assured1.assured_test.AssuredTests@71be98f5]" name="comment" duration-ms="1502" started-at="2018-04-05T17:34:53Z" finished-at="2018-04-05T17:34:55Z">
          <reporter-output>
          </reporter-output>
        </test-method> <!-- comment -->
        <test-method status="PASS" signature="responses200()[pri:0, instance:assured1.assured_test.AssuredTests@71be98f5]" name="responses200" duration-ms="1374" started-at="2018-04-05T17:34:55Z" finished-at="2018-04-05T17:34:56Z">
          <reporter-output>
          </reporter-output>
        </test-method> <!-- responses200 -->
        <test-method status="PASS" signature="schemas()[pri:0, instance:assured1.assured_test.AssuredTests@71be98f5]" name="schemas" duration-ms="1802" started-at="2018-04-05T17:34:56Z" finished-at="2018-04-05T17:34:58Z">
          <reporter-output>
          </reporter-output>
        </test-method> <!-- schemas -->
        <test-method status="PASS" signature="specificdata()[pri:0, instance:assured1.assured_test.AssuredTests@71be98f5]" name="specificdata" duration-ms="1025" started-at="2018-04-05T17:34:58Z" finished-at="2018-04-05T17:34:59Z">
          <reporter-output>
          </reporter-output>
        </test-method> <!-- specificdata -->
        <test-method status="PASS" signature="user()[pri:0, instance:assured1.assured_test.AssuredTests@71be98f5]" name="user" duration-ms="159" started-at="2018-04-05T17:34:59Z" finished-at="2018-04-05T17:34:59Z">
          <reporter-output>
          </reporter-output>
        </test-method> <!-- user -->
      </class> <!-- assured1.assured_test.AssuredTests -->
    </test> <!-- BackEnd Tests -->
  </suite> <!-- My test suite -->
</testng-results>
