<?xml version="1.0" encoding="UTF-8"?>
<testng-results skipped="0" failed="0" total="4" passed="4">
  <reporter-output>
  </reporter-output>
  <suite name="My test suite" duration-ms="6959" started-at="2018-04-05T20:03:58Z" finished-at="2018-04-05T20:04:05Z">
    <groups>
    </groups>
    <test name="My first test" duration-ms="6959" started-at="2018-04-05T20:03:58Z" finished-at="2018-04-05T20:04:05Z">
      <class name="assured1.assured_test.AssuredTests">
        <test-method status="PASS" signature="comment()[pri:0, instance:assured1.assured_test.AssuredTests@39ba5a14]" name="comment" duration-ms="2101" started-at="2018-04-05T15:03:58Z" finished-at="2018-04-05T15:04:00Z">
          <reporter-output>
          </reporter-output>
        </test-method> <!-- comment -->
        <test-method status="PASS" signature="responses200()[pri:0, instance:assured1.assured_test.AssuredTests@39ba5a14]" name="responses200" duration-ms="3532" started-at="2018-04-05T15:04:00Z" finished-at="2018-04-05T15:04:04Z">
          <reporter-output>
          </reporter-output>
        </test-method> <!-- responses200 -->
        <test-method status="PASS" signature="specificdata()[pri:0, instance:assured1.assured_test.AssuredTests@39ba5a14]" name="specificdata" duration-ms="968" started-at="2018-04-05T15:04:04Z" finished-at="2018-04-05T15:04:05Z">
          <reporter-output>
          </reporter-output>
        </test-method> <!-- specificdata -->
        <test-method status="PASS" signature="user()[pri:0, instance:assured1.assured_test.AssuredTests@39ba5a14]" name="user" duration-ms="336" started-at="2018-04-05T15:04:05Z" finished-at="2018-04-05T15:04:05Z">
          <reporter-output>
          </reporter-output>
        </test-method> <!-- user -->
      </class> <!-- assured1.assured_test.AssuredTests -->
    </test> <!-- My first test -->
  </suite> <!-- My test suite -->
</testng-results>
