<?xml version="1.0" encoding="UTF-8"?>
<testng-results skipped="0" failed="1" total="5" passed="4">
  <reporter-output>
  </reporter-output>
  <suite name="Default suite" duration-ms="4693" started-at="2018-04-05T22:14:19Z" finished-at="2018-04-05T22:14:24Z">
    <groups>
    </groups>
    <test name="Default test" duration-ms="4693" started-at="2018-04-05T22:14:19Z" finished-at="2018-04-05T22:14:24Z">
      <class name="assured1.assured_test.AssuredTests">
        <test-method status="PASS" signature="comment()[pri:0, instance:assured1.assured_test.AssuredTests@523884b2]" name="comment" duration-ms="1846" started-at="2018-04-05T17:14:19Z" finished-at="2018-04-05T17:14:21Z">
          <reporter-output>
          </reporter-output>
        </test-method> <!-- comment -->
        <test-method status="PASS" signature="responses200()[pri:0, instance:assured1.assured_test.AssuredTests@523884b2]" name="responses200" duration-ms="1321" started-at="2018-04-05T17:14:21Z" finished-at="2018-04-05T17:14:22Z">
          <reporter-output>
          </reporter-output>
        </test-method> <!-- responses200 -->
        <test-method status="FAIL" signature="schemas()[pri:0, instance:assured1.assured_test.AssuredTests@523884b2]" name="schemas" duration-ms="427" started-at="2018-04-05T17:14:22Z" finished-at="2018-04-05T17:14:23Z">
          <exception class="java.lang.IllegalArgumentException">
            <message>
              <![CDATA[Schema to use cannot be null]]>
            </message>
            <full-stacktrace>
              <![CDATA[java.lang.IllegalArgumentException: Schema to use cannot be null
	at io.restassured.module.jsv.JsonSchemaValidator.validateSchemaIsNotNull(JsonSchemaValidator.java:270)
	at io.restassured.module.jsv.JsonSchemaValidator.access$300(JsonSchemaValidator.java:75)
	at io.restassured.module.jsv.JsonSchemaValidator$JsonSchemaValidatorFactory.create(JsonSchemaValidator.java:281)
	at io.restassured.module.jsv.JsonSchemaValidator.matchesJsonSchema(JsonSchemaValidator.java:166)
	at io.restassured.module.jsv.JsonSchemaValidator.matchesJsonSchemaInClasspath(JsonSchemaValidator.java:117)
	at assured1.assured_test.AssuredTests.schemas(AssuredTests.java:69)
	at sun.reflect.NativeMethodAccessorImpl.invoke0(Native Method)
	at sun.reflect.NativeMethodAccessorImpl.invoke(Unknown Source)
	at sun.reflect.DelegatingMethodAccessorImpl.invoke(Unknown Source)
	at java.lang.reflect.Method.invoke(Unknown Source)
	at org.testng.internal.MethodInvocationHelper.invokeMethod(MethodInvocationHelper.java:80)
	at org.testng.internal.Invoker.invokeMethod(Invoker.java:714)
	at org.testng.internal.Invoker.invokeTestMethod(Invoker.java:901)
	at org.testng.internal.Invoker.invokeTestMethods(Invoker.java:1231)
	at org.testng.internal.TestMethodWorker.invokeTestMethods(TestMethodWorker.java:127)
	at org.testng.internal.TestMethodWorker.run(TestMethodWorker.java:111)
	at org.testng.TestRunner.privateRun(TestRunner.java:767)
	at org.testng.TestRunner.run(TestRunner.java:617)
	at org.testng.SuiteRunner.runTest(SuiteRunner.java:334)
	at org.testng.SuiteRunner.runSequentially(SuiteRunner.java:329)
	at org.testng.SuiteRunner.privateRun(SuiteRunner.java:291)
	at org.testng.SuiteRunner.run(SuiteRunner.java:240)
	at org.testng.SuiteRunnerWorker.runSuite(SuiteRunnerWorker.java:52)
	at org.testng.SuiteRunnerWorker.run(SuiteRunnerWorker.java:86)
	at org.testng.TestNG.runSuitesSequentially(TestNG.java:1198)
	at org.testng.TestNG.runSuitesLocally(TestNG.java:1123)
	at org.testng.TestNG.run(TestNG.java:1031)
	at org.testng.remote.AbstractRemoteTestNG.run(AbstractRemoteTestNG.java:114)
	at org.testng.remote.RemoteTestNG.initAndRun(RemoteTestNG.java:251)
	at org.testng.remote.RemoteTestNG.main(RemoteTestNG.java:77)
]]>
            </full-stacktrace>
          </exception> <!-- java.lang.IllegalArgumentException -->
          <reporter-output>
          </reporter-output>
        </test-method> <!-- schemas -->
        <test-method status="PASS" signature="specificdata()[pri:0, instance:assured1.assured_test.AssuredTests@523884b2]" name="specificdata" duration-ms="885" started-at="2018-04-05T17:14:23Z" finished-at="2018-04-05T17:14:24Z">
          <reporter-output>
          </reporter-output>
        </test-method> <!-- specificdata -->
        <test-method status="PASS" signature="user()[pri:0, instance:assured1.assured_test.AssuredTests@523884b2]" name="user" duration-ms="188" started-at="2018-04-05T17:14:24Z" finished-at="2018-04-05T17:14:24Z">
          <reporter-output>
          </reporter-output>
        </test-method> <!-- user -->
      </class> <!-- assured1.assured_test.AssuredTests -->
    </test> <!-- Default test -->
  </suite> <!-- Default suite -->
</testng-results>
